<?xml version="1.0" encoding="UTF-8"?>
<robot generator="Robot 6.0.1 (Python 3.10.8 on win32)" generated="20230216 14:23:58.190" rpa="false" schemaversion="3">
<suite id="s1" name="Test" source="C:\Users\Desktop\OneDrive\Documentos\Teste_Automação\Test.robot">
<test id="s1-t1" name="Cenario -01 acessar o site e preencher os campos" line="10">
<kw name="Abrir o navegador" library="Resource" type="SETUP">
<kw name="Open Browser" library="SeleniumLibrary">
<arg>browser=Chrome</arg>
<doc>Opens a new browser instance to the optional ``url``.</doc>
<msg timestamp="20230216 14:23:58.543" level="INFO">Opening browser 'Chrome' to base url 'None'.</msg>
<status status="PASS" starttime="20230216 14:23:58.543" endtime="20230216 14:23:59.803"/>
</kw>
<status status="PASS" starttime="20230216 14:23:58.542" endtime="20230216 14:23:59.803"/>
</kw>
<kw name="Dado que eu acesse o site" library="Resource">
<kw name="Go To" library="SeleniumLibrary">
<arg>url=${URL}</arg>
<doc>Navigates the current browser window to the provided ``url``.</doc>
<msg timestamp="20230216 14:23:59.804" level="INFO">Opening url 'https://demoqa.com/automation-practice-form'</msg>
<status status="PASS" starttime="20230216 14:23:59.804" endtime="20230216 14:24:03.971"/>
</kw>
<status status="PASS" starttime="20230216 14:23:59.804" endtime="20230216 14:24:03.972"/>
</kw>
<kw name="Quando preencher os campos" library="Resource">
<kw name="Input Text" library="SeleniumLibrary">
<arg>locator=firstName</arg>
<arg>text=Vitoria</arg>
<doc>Types the given ``text`` into the text field identified by ``locator``.</doc>
<msg timestamp="20230216 14:24:03.975" level="INFO">Typing text 'Vitoria' into text field 'firstName'.</msg>
<status status="PASS" starttime="20230216 14:24:03.973" endtime="20230216 14:24:04.084"/>
</kw>
<kw name="Input Text" library="SeleniumLibrary">
<arg>locator=lastName</arg>
<arg>text=Silva</arg>
<doc>Types the given ``text`` into the text field identified by ``locator``.</doc>
<msg timestamp="20230216 14:24:04.085" level="INFO">Typing text 'Silva' into text field 'lastName'.</msg>
<status status="PASS" starttime="20230216 14:24:04.084" endtime="20230216 14:24:04.230"/>
</kw>
<kw name="Input Text" library="SeleniumLibrary">
<arg>locator=userEmail</arg>
<arg>text= Vitoria@teste.com</arg>
<doc>Types the given ``text`` into the text field identified by ``locator``.</doc>
<msg timestamp="20230216 14:24:04.231" level="INFO">Typing text ' Vitoria@teste.com' into text field 'userEmail'.</msg>
<status status="PASS" starttime="20230216 14:24:04.230" endtime="20230216 14:24:04.382"/>
</kw>
<kw name="Input Password" library="SeleniumLibrary">
<arg>locator=userNumber</arg>
<arg>password=958360440</arg>
<doc>Types the given password into the text field identified by ``locator``.</doc>
<msg timestamp="20230216 14:24:04.383" level="INFO">Typing password into text field 'userNumber'.</msg>
<msg timestamp="20230216 14:24:04.429" level="INFO">Temporally setting log level to: NONE</msg>
<msg timestamp="20230216 14:24:04.490" level="INFO">Log level changed from NONE to INFO.</msg>
<status status="PASS" starttime="20230216 14:24:04.382" endtime="20230216 14:24:04.491"/>
</kw>
<kw name="Click Element" library="SeleniumLibrary">
<arg>locator=//label[@for='gender-radio-2'][contains(.,'Female')]</arg>
<doc>Click the element identified by ``locator``.</doc>
<msg timestamp="20230216 14:24:04.492" level="INFO">Clicking element '//label[@for='gender-radio-2'][contains(.,'Female')]'.</msg>
<status status="PASS" starttime="20230216 14:24:04.491" endtime="20230216 14:24:04.559"/>
</kw>
<kw name="Click Element" library="SeleniumLibrary">
<arg>locator=//label[@for='hobbies-checkbox-2'][contains(.,'Reading')]</arg>
<doc>Click the element identified by ``locator``.</doc>
<msg timestamp="20230216 14:24:04.559" level="INFO">Clicking element '//label[@for='hobbies-checkbox-2'][contains(.,'Reading')]'.</msg>
<status status="PASS" starttime="20230216 14:24:04.559" endtime="20230216 14:24:04.615"/>
</kw>
<kw name="Input Text" library="SeleniumLibrary">
<arg>locator=currentAddress</arg>
<arg>text=Teste sucesso</arg>
<doc>Types the given ``text`` into the text field identified by ``locator``.</doc>
<msg timestamp="20230216 14:24:04.616" level="INFO">Typing text 'Teste sucesso' into text field 'currentAddress'.</msg>
<status status="PASS" starttime="20230216 14:24:04.615" endtime="20230216 14:24:04.715"/>
</kw>
<kw name="Sleep" library="BuiltIn">
<arg>10</arg>
<doc>Pauses the test executed for the given time.</doc>
<msg timestamp="20230216 14:24:14.715" level="INFO">Slept 10 seconds</msg>
<status status="PASS" starttime="20230216 14:24:04.715" endtime="20230216 14:24:14.715"/>
</kw>
<status status="PASS" starttime="20230216 14:24:03.973" endtime="20230216 14:24:14.715"/>
</kw>
<kw name="Fechar o navegador" library="Resource" type="TEARDOWN">
<kw name="Close Browser" library="SeleniumLibrary">
<doc>Closes the current browser.</doc>
<status status="PASS" starttime="20230216 14:24:14.717" endtime="20230216 14:24:16.907"/>
</kw>
<status status="PASS" starttime="20230216 14:24:14.716" endtime="20230216 14:24:16.908"/>
</kw>
<status status="PASS" starttime="20230216 14:23:58.541" endtime="20230216 14:24:16.908"/>
</test>
<doc>essa suite testa o cadastro</doc>
<status status="PASS" starttime="20230216 14:23:58.192" endtime="20230216 14:24:16.911"/>
</suite>
<statistics>
<total>
<stat pass="1" fail="0" skip="0">All Tests</stat>
</total>
<tag>
</tag>
<suite>
<stat pass="1" fail="0" skip="0" id="s1" name="Test">Test</stat>
</suite>
</statistics>
<errors>
</errors>
</robot>
